<?xml version="1.0" encoding="UTF-8"?>
<testsuite xmlns:xsi="http://www.w3.org/2001/XMLSchema-instance" xsi:noNamespaceSchemaLocation="https://maven.apache.org/surefire/maven-surefire-plugin/xsd/surefire-test-report.xsd" version="3.0.1" name="Pablo.TestPerson" time="0.013" tests="6" errors="0" skipped="0" failures="0">
  <properties>
[...]
</properties>
  <testcase name="testGetName" classname="Pablo.TestPerson" time="0.005"/>
  <testcase name="testSetGender" classname="Pablo.TestPerson" time="0.001"/>
  <testcase name="testGetGender" classname="Pablo.TestPerson" time="0.002"/>
  <testcase name="testGetAge" classname="Pablo.TestPerson" time="0.001"/>
  <testcase name="testSetName" classname="Pablo.TestPerson" time="0.001"/>
  <testcase name="testSetAge" classname="Pablo.TestPerson" time="0.001"/>
</testsuite>