<?xml version="1.0" encoding="UTF-8" standalone="yes"?><!DOCTYPE report PUBLIC "-//JACOCO//DTD Report 1.1//EN" "report.dtd"><report name="Persona"><sessioninfo id="vagrant-virtualbox-4089467c" start="1744281529718" dump="1744281530485"/><sessioninfo id="vagrant-virtualbox-6e3c3c81" start="1745392740226" dump="1745392740831"/><sessioninfo id="vagrant-virtualbox-92c74966" start="1745392898362" dump="1745392899202"/><sessioninfo id="vagrant-virtualbox-e376386f" start="1745393003761" dump="1745393004318"/><sessioninfo id="vagrant-virtualbox-cd7d0726" start="1745393274512" dump="1745393275036"/><sessioninfo id="vagrant-virtualbox-1ee70e45" start="1745393441498" dump="1745393442123"/><sessioninfo id="vagrant-virtualbox-8225d094" start="1745393668643" dump="1745393669188"/><sessioninfo id="vagrant-virtualbox-f4fe2123" start="1745394330310" dump="1745394330918"/><sessioninfo id="vagrant-virtualbox-c8ea8c90" start="1745394416119" dump="1745394416704"/><sessioninfo id="vagrant-virtualbox-26c311f" start="1745394438466" dump="1745394438975"/><sessioninfo id="vagrant-virtualbox-b581abc" start="1745394626454" dump="1745394626993"/><sessioninfo id="vagrant-virtualbox-bf8ba8a5" start="1745394640363" dump="1745394640866"/><sessioninfo id="vagrant-virtualbox-bed9f3df" start="1745394693827" dump="1745394694363"/><sessioninfo id="vagrant-virtualbox-f6933ea5" start="1745394751517" dump="1745394751999"/><sessioninfo id="vagrant-virtualbox-4d526b68" start="1745394931329" dump="1745394931963"/><sessioninfo id="vagrant-virtualbox-7bf40b66" start="1745395372293" dump="1745395372751"/><package name="pablo"><class name="pablo/Fecha" sourcefilename="Fecha.java"><method name="&lt;init&gt;" desc="(III)V" line="34"><counter type="INSTRUCTION" missed="0" covered="12"/><counter type="LINE" missed="0" covered="5"/><counter type="COMPLEXITY" missed="0" covered="1"/><counter type="METHOD" missed="0" covered="1"/></method><method name="valida" desc="()Z" line="50"><counter type="INSTRUCTION" missed="0" covered="22"/><counter type="BRANCH" missed="0" covered="8"/><counter type="LINE" missed="0" covered="5"/><counter type="COMPLEXITY" missed="0" covered="5"/><counter type="METHOD" missed="0" covered="1"/></method><method name="validaDiasFinal" desc="()Z" line="67"><counter type="INSTRUCTION" missed="0" covered="9"/><counter type="BRANCH" missed="0" covered="2"/><counter type="LINE" missed="0" covered="3"/><counter type="COMPLEXITY" missed="0" covered="2"/><counter type="METHOD" missed="0" covered="1"/></method><method name="diasMes" desc="()I" line="80"><counter type="INSTRUCTION" missed="0" covered="16"/><counter type="BRANCH" missed="1" covered="3"/><counter type="LINE" missed="0" covered="8"/><counter type="COMPLEXITY" missed="1" covered="3"/><counter type="METHOD" missed="0" covered="1"/></method><method name="diasMesFebrero" desc="()I" line="124"><counter type="INSTRUCTION" missed="0" covered="24"/><counter type="BRANCH" missed="0" covered="6"/><counter type="LINE" missed="0" covered="6"/><counter type="COMPLEXITY" missed="0" covered="4"/><counter type="METHOD" missed="0" covered="1"/></method><counter type="INSTRUCTION" missed="0" covered="83"/><counter type="BRANCH" missed="1" covered="19"/><counter type="LINE" missed="0" covered="27"/><counter type="COMPLEXITY" missed="1" covered="15"/><counter type="METHOD" missed="0" covered="5"/><counter type="CLASS" missed="0" covered="1"/></class><sourcefile name="Fecha.java"><line nr="34" mi="0" ci="2" mb="0" cb="0"/><line nr="36" mi="0" ci="3" mb="0" cb="0"/><line nr="38" mi="0" ci="3" mb="0" cb="0"/><line nr="40" mi="0" ci="3" mb="0" cb="0"/><line nr="42" mi="0" ci="1" mb="0" cb="0"/><line nr="50" mi="0" ci="8" mb="0" cb="4"/><line nr="51" mi="0" ci="2" mb="0" cb="0"/><line nr="54" mi="0" ci="8" mb="0" cb="4"/><line nr="55" mi="0" ci="2" mb="0" cb="0"/><line nr="58" mi="0" ci="2" mb="0" cb="0"/><line nr="67" mi="0" ci="5" mb="0" cb="2"/><line nr="68" mi="0" ci="2" mb="0" cb="0"/><line nr="70" mi="0" ci="2" mb="0" cb="0"/><line nr="80" mi="0" ci="2" mb="0" cb="0"/><line nr="82" mi="0" ci="3" mb="1" cb="3"/><line nr="97" mi="0" ci="2" mb="0" cb="0"/><line nr="98" mi="0" ci="1" mb="0" cb="0"/><line nr="107" mi="0" ci="2" mb="0" cb="0"/><line nr="108" mi="0" ci="1" mb="0" cb="0"/><line nr="111" mi="0" ci="3" mb="0" cb="0"/><line nr="116" mi="0" ci="2" mb="0" cb="0"/><line nr="124" mi="0" ci="2" mb="0" cb="0"/><line nr="125" mi="0" ci="15" mb="0" cb="6"/><line nr="126" mi="0" ci="2" mb="0" cb="0"/><line nr="127" mi="0" ci="1" mb="0" cb="0"/><line nr="128" mi="0" ci="2" mb="0" cb="0"/><line nr="130" mi="0" ci="2" mb="0" cb="0"/><counter type="INSTRUCTION" missed="0" covered="83"/><counter type="BRANCH" missed="1" covered="19"/><counter type="LINE" missed="0" covered="27"/><counter type="COMPLEXITY" missed="1" covered="15"/><counter type="METHOD" missed="0" covered="5"/><counter type="CLASS" missed="0" covered="1"/></sourcefile><counter type="INSTRUCTION" missed="0" covered="83"/><counter type="BRANCH" missed="1" covered="19"/><counter type="LINE" missed="0" covered="27"/><counter type="COMPLEXITY" missed="1" covered="15"/><counter type="METHOD" missed="0" covered="5"/><counter type="CLASS" missed="0" covered="1"/></package><counter type="INSTRUCTION" missed="0" covered="83"/><counter type="BRANCH" missed="1" covered="19"/><counter type="LINE" missed="0" covered="27"/><counter type="COMPLEXITY" missed="1" covered="15"/><counter type="METHOD" missed="0" covered="5"/><counter type="CLASS" missed="0" covered="1"/></report>